<?xml version="1.0" encoding="UTF-8"?>
<testsuite xmlns:xsi="http://www.w3.org/2001/XMLSchema-instance" xsi:noNamespaceSchemaLocation="https://maven.apache.org/surefire/maven-surefire-plugin/xsd/surefire-test-report-3.0.xsd" version="3.0" name="com.example.cdk_lambda_java_demo.CdkLambdaJavaDemoApplicationTests" time="1.034" tests="1" errors="0" skipped="0" failures="0">
  <properties>
    <property name="java.specification.version" value="17"/>
    <property name="sun.jnu.encoding" value="UTF-8"/>
    <property name="java.class.path" value="/Users/niomwungeri/Documents/Work/PERSONAL_APPS/aws-cdk-pipeline-demo/lambda/target/test-classes:/Users/niomwungeri/Documents/Work/PERSONAL_APPS/aws-cdk-pipeline-demo/lambda/target/classes:/Users/niomwungeri/.m2/repository/org/springframework/boot/spring-boot-starter/3.3.5/spring-boot-starter-3.3.5.jar:/Users/niomwungeri/.m2/repository/org/springframework/boot/spring-boot/3.3.5/spring-boot-3.3.5.jar:/Users/niomwungeri/.m2/repository/org/springframework/spring-context/6.1.14/spring-context-6.1.14.jar:/Users/niomwungeri/.m2/repository/org/springframework/spring-aop/6.1.14/spring-aop-6.1.14.jar:/Users/niomwungeri/.m2/repository/org/springframework/spring-expression/6.1.14/spring-expression-6.1.14.jar:/Users/niomwungeri/.m2/repository/io/micrometer/micrometer-observation/1.13.6/micrometer-observation-1.13.6.jar:/Users/niomwungeri/.m2/repository/io/micrometer/micrometer-commons/1.13.6/micrometer-commons-1.13.6.jar:/Users/niomwungeri/.m2/repository/org/springframework/boot/spring-boot-autoconfigure/3.3.5/spring-boot-autoconfigure-3.3.5.jar:/Users/niomwungeri/.m2/repository/org/springframework/boot/spring-boot-starter-logging/3.3.5/spring-boot-starter-logging-3.3.5.jar:/Users/niomwungeri/.m2/repository/ch/qos/logback/logback-classic/1.5.11/logback-classic-1.5.11.jar:/Users/niomwungeri/.m2/repository/ch/qos/logback/logback-core/1.5.11/logback-core-1.5.11.jar:/Users/niomwungeri/.m2/repository/org/apache/logging/log4j/log4j-to-slf4j/2.23.1/log4j-to-slf4j-2.23.1.jar:/Users/niomwungeri/.m2/repository/org/apache/logging/log4j/log4j-api/2.23.1/log4j-api-2.23.1.jar:/Users/niomwungeri/.m2/repository/org/slf4j/jul-to-slf4j/2.0.16/jul-to-slf4j-2.0.16.jar:/Users/niomwungeri/.m2/repository/jakarta/annotation/jakarta.annotation-api/2.1.1/jakarta.annotation-api-2.1.1.jar:/Users/niomwungeri/.m2/repository/org/springframework/spring-core/6.1.14/spring-core-6.1.14.jar:/Users/niomwungeri/.m2/repository/org/springframework/spring-jcl/6.1.14/spring-jcl-6.1.14.jar:/Users/niomwungeri/.m2/repository/org/yaml/snakeyaml/2.2/snakeyaml-2.2.jar:/Users/niomwungeri/.m2/repository/org/springframework/cloud/spring-cloud-function-context/4.1.3/spring-cloud-function-context-4.1.3.jar:/Users/niomwungeri/.m2/repository/net/jodah/typetools/0.6.2/typetools-0.6.2.jar:/Users/niomwungeri/.m2/repository/org/springframework/cloud/spring-cloud-function-core/4.1.3/spring-cloud-function-core-4.1.3.jar:/Users/niomwungeri/.m2/repository/io/projectreactor/reactor-core/3.6.11/reactor-core-3.6.11.jar:/Users/niomwungeri/.m2/repository/org/reactivestreams/reactive-streams/1.0.4/reactive-streams-1.0.4.jar:/Users/niomwungeri/.m2/repository/org/springframework/spring-messaging/6.1.14/spring-messaging-6.1.14.jar:/Users/niomwungeri/.m2/repository/org/springframework/spring-beans/6.1.14/spring-beans-6.1.14.jar:/Users/niomwungeri/.m2/repository/com/fasterxml/jackson/core/jackson-databind/2.17.2/jackson-databind-2.17.2.jar:/Users/niomwungeri/.m2/repository/com/fasterxml/jackson/core/jackson-annotations/2.17.2/jackson-annotations-2.17.2.jar:/Users/niomwungeri/.m2/repository/com/fasterxml/jackson/core/jackson-core/2.17.2/jackson-core-2.17.2.jar:/Users/niomwungeri/.m2/repository/com/fasterxml/jackson/datatype/jackson-datatype-jsr310/2.17.2/jackson-datatype-jsr310-2.17.2.jar:/Users/niomwungeri/.m2/repository/org/json/json/20240303/json-20240303.jar:/Users/niomwungeri/.m2/repository/org/springframework/cloud/spring-cloud-function-adapter-aws/3.2.0/spring-cloud-function-adapter-aws-3.2.0.jar:/Users/niomwungeri/.m2/repository/com/fasterxml/jackson/datatype/jackson-datatype-joda/2.17.2/jackson-datatype-joda-2.17.2.jar:/Users/niomwungeri/.m2/repository/joda-time/joda-time/2.10.14/joda-time-2.10.14.jar:/Users/niomwungeri/.m2/repository/javax/annotation/javax.annotation-api/1.3.2/javax.annotation-api-1.3.2.jar:/Users/niomwungeri/.m2/repository/com/amazonaws/aws-lambda-java-core/1.2.1/aws-lambda-java-core-1.2.1.jar:/Users/niomwungeri/.m2/repository/org/springframework/boot/spring-boot-starter-test/3.3.5/spring-boot-starter-test-3.3.5.jar:/Users/niomwungeri/.m2/repository/org/springframework/boot/spring-boot-test/3.3.5/spring-boot-test-3.3.5.jar:/Users/niomwungeri/.m2/repository/org/springframework/boot/spring-boot-test-autoconfigure/3.3.5/spring-boot-test-autoconfigure-3.3.5.jar:/Users/niomwungeri/.m2/repository/com/jayway/jsonpath/json-path/2.9.0/json-path-2.9.0.jar:/Users/niomwungeri/.m2/repository/org/slf4j/slf4j-api/2.0.16/slf4j-api-2.0.16.jar:/Users/niomwungeri/.m2/repository/jakarta/xml/bind/jakarta.xml.bind-api/4.0.2/jakarta.xml.bind-api-4.0.2.jar:/Users/niomwungeri/.m2/repository/jakarta/activation/jakarta.activation-api/2.1.3/jakarta.activation-api-2.1.3.jar:/Users/niomwungeri/.m2/repository/net/minidev/json-smart/2.5.1/json-smart-2.5.1.jar:/Users/niomwungeri/.m2/repository/net/minidev/accessors-smart/2.5.1/accessors-smart-2.5.1.jar:/Users/niomwungeri/.m2/repository/org/ow2/asm/asm/9.6/asm-9.6.jar:/Users/niomwungeri/.m2/repository/org/assertj/assertj-core/3.25.3/assertj-core-3.25.3.jar:/Users/niomwungeri/.m2/repository/net/bytebuddy/byte-buddy/1.14.19/byte-buddy-1.14.19.jar:/Users/niomwungeri/.m2/repository/org/awaitility/awaitility/4.2.2/awaitility-4.2.2.jar:/Users/niomwungeri/.m2/repository/org/hamcrest/hamcrest/2.2/hamcrest-2.2.jar:/Users/niomwungeri/.m2/repository/org/junit/jupiter/junit-jupiter/5.10.5/junit-jupiter-5.10.5.jar:/Users/niomwungeri/.m2/repository/org/junit/jupiter/junit-jupiter-api/5.10.5/junit-jupiter-api-5.10.5.jar:/Users/niomwungeri/.m2/repository/org/opentest4j/opentest4j/1.3.0/opentest4j-1.3.0.jar:/Users/niomwungeri/.m2/repository/org/junit/platform/junit-platform-commons/1.10.5/junit-platform-commons-1.10.5.jar:/Users/niomwungeri/.m2/repository/org/apiguardian/apiguardian-api/1.1.2/apiguardian-api-1.1.2.jar:/Users/niomwungeri/.m2/repository/org/junit/jupiter/junit-jupiter-params/5.10.5/junit-jupiter-params-5.10.5.jar:/Users/niomwungeri/.m2/repository/org/junit/jupiter/junit-jupiter-engine/5.10.5/junit-jupiter-engine-5.10.5.jar:/Users/niomwungeri/.m2/repository/org/junit/platform/junit-platform-engine/1.10.5/junit-platform-engine-1.10.5.jar:/Users/niomwungeri/.m2/repository/org/mockito/mockito-core/5.11.0/mockito-core-5.11.0.jar:/Users/niomwungeri/.m2/repository/net/bytebuddy/byte-buddy-agent/1.14.19/byte-buddy-agent-1.14.19.jar:/Users/niomwungeri/.m2/repository/org/objenesis/objenesis/3.3/objenesis-3.3.jar:/Users/niomwungeri/.m2/repository/org/mockito/mockito-junit-jupiter/5.11.0/mockito-junit-jupiter-5.11.0.jar:/Users/niomwungeri/.m2/repository/org/skyscreamer/jsonassert/1.5.3/jsonassert-1.5.3.jar:/Users/niomwungeri/.m2/repository/com/vaadin/external/google/android-json/0.0.20131108.vaadin1/android-json-0.0.20131108.vaadin1.jar:/Users/niomwungeri/.m2/repository/org/springframework/spring-test/6.1.14/spring-test-6.1.14.jar:/Users/niomwungeri/.m2/repository/org/xmlunit/xmlunit-core/2.9.1/xmlunit-core-2.9.1.jar:"/>
    <property name="java.vm.vendor" value="Oracle Corporation"/>
    <property name="sun.arch.data.model" value="64"/>
    <property name="java.vendor.url" value="https://java.oracle.com/"/>
    <property name="user.timezone" value="America/Edmonton"/>
    <property name="os.name" value="Mac OS X"/>
    <property name="java.vm.specification.version" value="17"/>
    <property name="sun.java.launcher" value="SUN_STANDARD"/>
    <property name="user.country" value="RW"/>
    <property name="sun.boot.library.path" value="/Library/Java/JavaVirtualMachines/jdk-17.jdk/Contents/Home/lib"/>
    <property name="sun.java.command" value="/Users/niomwungeri/Documents/Work/PERSONAL_APPS/aws-cdk-pipeline-demo/lambda/target/surefire/surefirebooter-20241102130124828_3.jar /Users/niomwungeri/Documents/Work/PERSONAL_APPS/aws-cdk-pipeline-demo/lambda/target/surefire 2024-11-02T13-01-24_772-jvmRun1 surefire-20241102130124828_1tmp surefire_0-20241102130124828_2tmp"/>
    <property name="http.nonProxyHosts" value="local|*.local|169.254/16|*.169.254/16"/>
    <property name="jdk.debug" value="release"/>
    <property name="surefire.test.class.path" value="/Users/niomwungeri/Documents/Work/PERSONAL_APPS/aws-cdk-pipeline-demo/lambda/target/test-classes:/Users/niomwungeri/Documents/Work/PERSONAL_APPS/aws-cdk-pipeline-demo/lambda/target/classes:/Users/niomwungeri/.m2/repository/org/springframework/boot/spring-boot-starter/3.3.5/spring-boot-starter-3.3.5.jar:/Users/niomwungeri/.m2/repository/org/springframework/boot/spring-boot/3.3.5/spring-boot-3.3.5.jar:/Users/niomwungeri/.m2/repository/org/springframework/spring-context/6.1.14/spring-context-6.1.14.jar:/Users/niomwungeri/.m2/repository/org/springframework/spring-aop/6.1.14/spring-aop-6.1.14.jar:/Users/niomwungeri/.m2/repository/org/springframework/spring-expression/6.1.14/spring-expression-6.1.14.jar:/Users/niomwungeri/.m2/repository/io/micrometer/micrometer-observation/1.13.6/micrometer-observation-1.13.6.jar:/Users/niomwungeri/.m2/repository/io/micrometer/micrometer-commons/1.13.6/micrometer-commons-1.13.6.jar:/Users/niomwungeri/.m2/repository/org/springframework/boot/spring-boot-autoconfigure/3.3.5/spring-boot-autoconfigure-3.3.5.jar:/Users/niomwungeri/.m2/repository/org/springframework/boot/spring-boot-starter-logging/3.3.5/spring-boot-starter-logging-3.3.5.jar:/Users/niomwungeri/.m2/repository/ch/qos/logback/logback-classic/1.5.11/logback-classic-1.5.11.jar:/Users/niomwungeri/.m2/repository/ch/qos/logback/logback-core/1.5.11/logback-core-1.5.11.jar:/Users/niomwungeri/.m2/repository/org/apache/logging/log4j/log4j-to-slf4j/2.23.1/log4j-to-slf4j-2.23.1.jar:/Users/niomwungeri/.m2/repository/org/apache/logging/log4j/log4j-api/2.23.1/log4j-api-2.23.1.jar:/Users/niomwungeri/.m2/repository/org/slf4j/jul-to-slf4j/2.0.16/jul-to-slf4j-2.0.16.jar:/Users/niomwungeri/.m2/repository/jakarta/annotation/jakarta.annotation-api/2.1.1/jakarta.annotation-api-2.1.1.jar:/Users/niomwungeri/.m2/repository/org/springframework/spring-core/6.1.14/spring-core-6.1.14.jar:/Users/niomwungeri/.m2/repository/org/springframework/spring-jcl/6.1.14/spring-jcl-6.1.14.jar:/Users/niomwungeri/.m2/repository/org/yaml/snakeyaml/2.2/snakeyaml-2.2.jar:/Users/niomwungeri/.m2/repository/org/springframework/cloud/spring-cloud-function-context/4.1.3/spring-cloud-function-context-4.1.3.jar:/Users/niomwungeri/.m2/repository/net/jodah/typetools/0.6.2/typetools-0.6.2.jar:/Users/niomwungeri/.m2/repository/org/springframework/cloud/spring-cloud-function-core/4.1.3/spring-cloud-function-core-4.1.3.jar:/Users/niomwungeri/.m2/repository/io/projectreactor/reactor-core/3.6.11/reactor-core-3.6.11.jar:/Users/niomwungeri/.m2/repository/org/reactivestreams/reactive-streams/1.0.4/reactive-streams-1.0.4.jar:/Users/niomwungeri/.m2/repository/org/springframework/spring-messaging/6.1.14/spring-messaging-6.1.14.jar:/Users/niomwungeri/.m2/repository/org/springframework/spring-beans/6.1.14/spring-beans-6.1.14.jar:/Users/niomwungeri/.m2/repository/com/fasterxml/jackson/core/jackson-databind/2.17.2/jackson-databind-2.17.2.jar:/Users/niomwungeri/.m2/repository/com/fasterxml/jackson/core/jackson-annotations/2.17.2/jackson-annotations-2.17.2.jar:/Users/niomwungeri/.m2/repository/com/fasterxml/jackson/core/jackson-core/2.17.2/jackson-core-2.17.2.jar:/Users/niomwungeri/.m2/repository/com/fasterxml/jackson/datatype/jackson-datatype-jsr310/2.17.2/jackson-datatype-jsr310-2.17.2.jar:/Users/niomwungeri/.m2/repository/org/json/json/20240303/json-20240303.jar:/Users/niomwungeri/.m2/repository/org/springframework/cloud/spring-cloud-function-adapter-aws/3.2.0/spring-cloud-function-adapter-aws-3.2.0.jar:/Users/niomwungeri/.m2/repository/com/fasterxml/jackson/datatype/jackson-datatype-joda/2.17.2/jackson-datatype-joda-2.17.2.jar:/Users/niomwungeri/.m2/repository/joda-time/joda-time/2.10.14/joda-time-2.10.14.jar:/Users/niomwungeri/.m2/repository/javax/annotation/javax.annotation-api/1.3.2/javax.annotation-api-1.3.2.jar:/Users/niomwungeri/.m2/repository/com/amazonaws/aws-lambda-java-core/1.2.1/aws-lambda-java-core-1.2.1.jar:/Users/niomwungeri/.m2/repository/org/springframework/boot/spring-boot-starter-test/3.3.5/spring-boot-starter-test-3.3.5.jar:/Users/niomwungeri/.m2/repository/org/springframework/boot/spring-boot-test/3.3.5/spring-boot-test-3.3.5.jar:/Users/niomwungeri/.m2/repository/org/springframework/boot/spring-boot-test-autoconfigure/3.3.5/spring-boot-test-autoconfigure-3.3.5.jar:/Users/niomwungeri/.m2/repository/com/jayway/jsonpath/json-path/2.9.0/json-path-2.9.0.jar:/Users/niomwungeri/.m2/repository/org/slf4j/slf4j-api/2.0.16/slf4j-api-2.0.16.jar:/Users/niomwungeri/.m2/repository/jakarta/xml/bind/jakarta.xml.bind-api/4.0.2/jakarta.xml.bind-api-4.0.2.jar:/Users/niomwungeri/.m2/repository/jakarta/activation/jakarta.activation-api/2.1.3/jakarta.activation-api-2.1.3.jar:/Users/niomwungeri/.m2/repository/net/minidev/json-smart/2.5.1/json-smart-2.5.1.jar:/Users/niomwungeri/.m2/repository/net/minidev/accessors-smart/2.5.1/accessors-smart-2.5.1.jar:/Users/niomwungeri/.m2/repository/org/ow2/asm/asm/9.6/asm-9.6.jar:/Users/niomwungeri/.m2/repository/org/assertj/assertj-core/3.25.3/assertj-core-3.25.3.jar:/Users/niomwungeri/.m2/repository/net/bytebuddy/byte-buddy/1.14.19/byte-buddy-1.14.19.jar:/Users/niomwungeri/.m2/repository/org/awaitility/awaitility/4.2.2/awaitility-4.2.2.jar:/Users/niomwungeri/.m2/repository/org/hamcrest/hamcrest/2.2/hamcrest-2.2.jar:/Users/niomwungeri/.m2/repository/org/junit/jupiter/junit-jupiter/5.10.5/junit-jupiter-5.10.5.jar:/Users/niomwungeri/.m2/repository/org/junit/jupiter/junit-jupiter-api/5.10.5/junit-jupiter-api-5.10.5.jar:/Users/niomwungeri/.m2/repository/org/opentest4j/opentest4j/1.3.0/opentest4j-1.3.0.jar:/Users/niomwungeri/.m2/repository/org/junit/platform/junit-platform-commons/1.10.5/junit-platform-commons-1.10.5.jar:/Users/niomwungeri/.m2/repository/org/apiguardian/apiguardian-api/1.1.2/apiguardian-api-1.1.2.jar:/Users/niomwungeri/.m2/repository/org/junit/jupiter/junit-jupiter-params/5.10.5/junit-jupiter-params-5.10.5.jar:/Users/niomwungeri/.m2/repository/org/junit/jupiter/junit-jupiter-engine/5.10.5/junit-jupiter-engine-5.10.5.jar:/Users/niomwungeri/.m2/repository/org/junit/platform/junit-platform-engine/1.10.5/junit-platform-engine-1.10.5.jar:/Users/niomwungeri/.m2/repository/org/mockito/mockito-core/5.11.0/mockito-core-5.11.0.jar:/Users/niomwungeri/.m2/repository/net/bytebuddy/byte-buddy-agent/1.14.19/byte-buddy-agent-1.14.19.jar:/Users/niomwungeri/.m2/repository/org/objenesis/objenesis/3.3/objenesis-3.3.jar:/Users/niomwungeri/.m2/repository/org/mockito/mockito-junit-jupiter/5.11.0/mockito-junit-jupiter-5.11.0.jar:/Users/niomwungeri/.m2/repository/org/skyscreamer/jsonassert/1.5.3/jsonassert-1.5.3.jar:/Users/niomwungeri/.m2/repository/com/vaadin/external/google/android-json/0.0.20131108.vaadin1/android-json-0.0.20131108.vaadin1.jar:/Users/niomwungeri/.m2/repository/org/springframework/spring-test/6.1.14/spring-test-6.1.14.jar:/Users/niomwungeri/.m2/repository/org/xmlunit/xmlunit-core/2.9.1/xmlunit-core-2.9.1.jar:"/>
    <property name="sun.cpu.endian" value="little"/>
    <property name="user.home" value="/Users/niomwungeri"/>
    <property name="user.language" value="en"/>
    <property name="java.specification.vendor" value="Oracle Corporation"/>
    <property name="java.version.date" value="2023-01-17"/>
    <property name="java.home" value="/Library/Java/JavaVirtualMachines/jdk-17.jdk/Contents/Home"/>
    <property name="file.separator" value="/"/>
    <property name="basedir" value="/Users/niomwungeri/Documents/Work/PERSONAL_APPS/aws-cdk-pipeline-demo/lambda"/>
    <property name="java.vm.compressedOopsMode" value="Zero based"/>
    <property name="line.separator" value="&#10;"/>
    <property name="java.vm.specification.vendor" value="Oracle Corporation"/>
    <property name="java.specification.name" value="Java Platform API Specification"/>
    <property name="FILE_LOG_CHARSET" value="UTF-8"/>
    <property name="java.awt.headless" value="true"/>
    <property name="surefire.real.class.path" value="/Users/niomwungeri/Documents/Work/PERSONAL_APPS/aws-cdk-pipeline-demo/lambda/target/surefire/surefirebooter-20241102130124828_3.jar"/>
    <property name="sun.management.compiler" value="HotSpot 64-Bit Tiered Compilers"/>
    <property name="ftp.nonProxyHosts" value="local|*.local|169.254/16|*.169.254/16"/>
    <property name="java.runtime.version" value="17.0.6+9-LTS-190"/>
    <property name="user.name" value="niomwungeri"/>
    <property name="path.separator" value=":"/>
    <property name="os.version" value="15.0.1"/>
    <property name="java.runtime.name" value="Java(TM) SE Runtime Environment"/>
    <property name="file.encoding" value="UTF-8"/>
    <property name="java.vm.name" value="Java HotSpot(TM) 64-Bit Server VM"/>
    <property name="localRepository" value="/Users/niomwungeri/.m2/repository"/>
    <property name="java.vendor.url.bug" value="https://bugreport.java.com/bugreport/"/>
    <property name="java.io.tmpdir" value="/var/folders/1r/s9czxlmn5xv133pn986k7r780000gn/T/"/>
    <property name="java.version" value="17.0.6"/>
    <property name="user.dir" value="/Users/niomwungeri/Documents/Work/PERSONAL_APPS/aws-cdk-pipeline-demo/lambda"/>
    <property name="os.arch" value="aarch64"/>
    <property name="java.vm.specification.name" value="Java Virtual Machine Specification"/>
    <property name="PID" value="74834"/>
    <property name="CONSOLE_LOG_CHARSET" value="UTF-8"/>
    <property name="native.encoding" value="UTF-8"/>
    <property name="java.library.path" value="/Users/niomwungeri/Library/Java/Extensions:/Library/Java/Extensions:/Network/Library/Java/Extensions:/System/Library/Java/Extensions:/usr/lib/java:."/>
    <property name="java.vm.info" value="mixed mode, sharing"/>
    <property name="java.vendor" value="Oracle Corporation"/>
    <property name="java.vm.version" value="17.0.6+9-LTS-190"/>
    <property name="sun.io.unicode.encoding" value="UnicodeBig"/>
    <property name="socksNonProxyHosts" value="local|*.local|169.254/16|*.169.254/16"/>
    <property name="java.class.version" value="61.0"/>
    <property name="LOGGED_APPLICATION_NAME" value="[cdk-lambda-java-demo] "/>
  </properties>
  <testcase name="contextLoads" classname="com.example.cdk_lambda_java_demo.CdkLambdaJavaDemoApplicationTests" time="0.408">
    <system-out><![CDATA[13:01:25.176 [main] INFO org.springframework.test.context.support.AnnotationConfigContextLoaderUtils -- Could not detect default configuration classes for test class [com.example.cdk_lambda_java_demo.CdkLambdaJavaDemoApplicationTests]: CdkLambdaJavaDemoApplicationTests does not declare any static, non-private, non-final, nested classes annotated with @Configuration.
13:01:25.218 [main] INFO org.springframework.boot.test.context.SpringBootTestContextBootstrapper -- Found @SpringBootConfiguration com.example.cdk_lambda_java_demo.CdkLambdaJavaDemoApplication for test class com.example.cdk_lambda_java_demo.CdkLambdaJavaDemoApplicationTests

  .   ____          _            __ _ _
 /\\ / ___'_ __ _ _(_)_ __  __ _ \ \ \ \
( ( )\___ | '_ | '_| | '_ \/ _` | \ \ \ \
 \\/  ___)| |_)| | | | | || (_| |  ) ) ) )
  '  |____| .__|_| |_|_| |_\__, | / / / /
 =========|_|==============|___/=/_/_/_/

 :: Spring Boot ::                (v3.3.5)

2024-11-02T13:01:25.386-06:00  WARN 74834 --- [cdk-lambda-java-demo] [           main] ory$DuplicateJsonObjectContextCustomizer : 

Found multiple occurrences of org.json.JSONObject on the class path:

	jar:file:/Users/niomwungeri/.m2/repository/org/json/json/20240303/json-20240303.jar!/org/json/JSONObject.class
	jar:file:/Users/niomwungeri/.m2/repository/com/vaadin/external/google/android-json/0.0.20131108.vaadin1/android-json-0.0.20131108.vaadin1.jar!/org/json/JSONObject.class

You may wish to exclude one of them to ensure predictable runtime behavior

2024-11-02T13:01:25.394-06:00  INFO 74834 --- [cdk-lambda-java-demo] [           main] c.e.c.CdkLambdaJavaDemoApplicationTests  : Starting CdkLambdaJavaDemoApplicationTests using Java 17.0.6 with PID 74834 (started by niomwungeri in /Users/niomwungeri/Documents/Work/PERSONAL_APPS/aws-cdk-pipeline-demo/lambda)
2024-11-02T13:01:25.395-06:00  INFO 74834 --- [cdk-lambda-java-demo] [           main] c.e.c.CdkLambdaJavaDemoApplicationTests  : No active profile set, falling back to 1 default profile: "default"
2024-11-02T13:01:25.724-06:00  INFO 74834 --- [cdk-lambda-java-demo] [           main] c.e.c.CdkLambdaJavaDemoApplicationTests  : Started CdkLambdaJavaDemoApplicationTests in 0.444 seconds (process running for 0.851)
]]></system-out>
  </testcase>
</testsuite>